TN:
SF:C:\SNHU\Project\Capstone\web\src\polyfills.ts
FNF:0
FNH:0
LF:0
LH:0
BRF:0
BRH:0
end_of_record
TN:
SF:C:\SNHU\Project\Capstone\web\src\test.ts
FNF:0
FNH:0
DA:13,1
DA:18,1
DA:20,1
LF:3
LH:3
BRF:0
BRH:0
end_of_record
TN:
SF:C:\SNHU\Project\Capstone\web\src\app\app-routing.module.ts
FNF:0
FNH:0
DA:12,1
DA:27,1
LF:2
LH:2
BRF:0
BRH:0
end_of_record
TN:
SF:C:\SNHU\Project\Capstone\web\src\app\app.component.ts
FN:12,(anonymous_0)
FNF:1
FNH:1
FNDA:2,(anonymous_0)
DA:8,1
DA:11,2
DA:13,2
DA:14,2
LF:4
LH:4
BRF:0
BRH:0
end_of_record
TN:
SF:C:\SNHU\Project\Capstone\web\src\app\app.module.ts
FNF:0
FNH:0
DA:71,1
LF:1
LH:1
BRF:0
BRH:0
end_of_record
TN:
SF:C:\SNHU\Project\Capstone\web\src\app\app-footer\app-footer.component.ts
FN:10,(anonymous_0)
FN:12,(anonymous_1)
FNF:2
FNH:2
FNDA:1,(anonymous_0)
FNDA:1,(anonymous_1)
DA:8,1
LF:1
LH:1
BRF:0
BRH:0
end_of_record
TN:
SF:C:\SNHU\Project\Capstone\web\src\app\app-header\app-header.component.ts
FN:10,(anonymous_0)
FN:12,(anonymous_1)
FNF:2
FNH:2
FNDA:8,(anonymous_0)
FNDA:6,(anonymous_1)
DA:8,1
LF:1
LH:1
BRF:0
BRH:0
end_of_record
TN:
SF:C:\SNHU\Project\Capstone\web\src\app\applicant-list\applicant-list.component.ts
FN:27,(anonymous_0)
FN:36,(anonymous_1)
FN:39,(anonymous_2)
FN:41,(anonymous_3)
FN:42,(anonymous_4)
FN:46,(anonymous_5)
FN:49,(anonymous_6)
FN:62,(anonymous_7)
FN:65,(anonymous_8)
FN:70,(anonymous_9)
FN:77,(anonymous_10)
FNF:11
FNH:3
FNDA:1,(anonymous_0)
FNDA:1,(anonymous_1)
FNDA:0,(anonymous_2)
FNDA:0,(anonymous_3)
FNDA:0,(anonymous_4)
FNDA:0,(anonymous_5)
FNDA:0,(anonymous_6)
FNDA:0,(anonymous_7)
FNDA:0,(anonymous_8)
FNDA:1,(anonymous_9)
FNDA:0,(anonymous_10)
DA:15,1
DA:18,1
DA:24,1
DA:27,1
DA:28,1
DA:29,0
DA:30,0
DA:32,1
DA:40,0
DA:42,0
DA:47,0
DA:48,0
DA:50,0
DA:51,0
DA:52,0
DA:53,0
DA:54,0
DA:56,0
DA:63,0
DA:66,0
DA:67,0
DA:68,0
DA:71,1
DA:72,1
DA:74,1
DA:78,0
LF:26
LH:9
BRDA:28,0,0,0
BRDA:28,0,1,1
BRDA:53,1,0,0
BRDA:53,1,1,0
BRF:4
BRH:1
end_of_record
TN:
SF:C:\SNHU\Project\Capstone\web\src\app\applicant-login\applicant-login.component.ts
FN:28,(anonymous_0)
FN:35,(anonymous_1)
FN:38,(anonymous_2)
FN:43,(anonymous_3)
FN:47,(anonymous_4)
FN:79,(anonymous_5)
FN:90,(anonymous_6)
FN:101,(anonymous_7)
FN:116,(anonymous_8)
FN:128,(anonymous_9)
FN:132,(anonymous_10)
FNF:11
FNH:3
FNDA:1,(anonymous_0)
FNDA:1,(anonymous_1)
FNDA:2,(anonymous_2)
FNDA:0,(anonymous_3)
FNDA:0,(anonymous_4)
FNDA:0,(anonymous_5)
FNDA:0,(anonymous_6)
FNDA:0,(anonymous_7)
FNDA:0,(anonymous_8)
FNDA:0,(anonymous_9)
FNDA:0,(anonymous_10)
DA:14,1
DA:15,1
DA:24,1
DA:25,1
DA:26,1
DA:28,1
DA:29,1
DA:30,1
DA:31,1
DA:32,1
DA:39,2
DA:44,0
DA:45,0
DA:48,0
DA:49,0
DA:51,0
DA:52,0
DA:54,0
DA:55,0
DA:56,0
DA:57,0
DA:58,0
DA:60,0
DA:61,0
DA:65,0
DA:66,0
DA:68,0
DA:69,0
DA:74,0
DA:80,0
DA:91,0
DA:94,0
DA:96,0
DA:102,0
DA:103,0
DA:104,0
DA:106,0
DA:111,0
DA:117,0
DA:118,0
DA:119,0
DA:121,0
DA:129,0
DA:133,0
DA:134,0
LF:45
LH:11
BRDA:48,0,0,0
BRDA:48,0,1,0
BRDA:48,1,0,0
BRDA:48,1,1,0
BRDA:51,2,0,0
BRDA:51,2,1,0
BRDA:54,3,0,0
BRDA:54,3,1,0
BRDA:56,4,0,0
BRDA:56,4,1,0
BRDA:65,5,0,0
BRDA:65,5,1,0
BRDA:80,6,0,0
BRDA:80,6,1,0
BRDA:80,6,2,0
BRDA:80,6,3,0
BRDA:80,6,4,0
BRDA:94,7,0,0
BRDA:94,7,1,0
BRDA:102,8,0,0
BRDA:102,8,1,0
BRDA:102,9,0,0
BRDA:102,9,1,0
BRDA:117,10,0,0
BRDA:117,10,1,0
BRF:25
BRH:0
end_of_record
TN:
SF:C:\SNHU\Project\Capstone\web\src\app\interceptors\api.interceptor.ts
FN:14,(anonymous_0)
FNF:1
FNH:0
FNDA:0,(anonymous_0)
DA:13,1
DA:18,0
DA:19,0
DA:22,0
DA:24,0
DA:28,0
LF:6
LH:1
BRDA:18,0,0,0
BRDA:18,0,1,0
BRF:2
BRH:0
end_of_record
TN:
SF:C:\SNHU\Project\Capstone\web\src\app\interceptors\index.ts
FNF:0
FNH:0
DA:4,1
LF:1
LH:1
BRF:0
BRH:0
end_of_record
TN:
SF:C:\SNHU\Project\Capstone\web\src\app\model\course-preference.model.ts
FN:7,(anonymous_0)
FNF:1
FNH:0
FNDA:0,(anonymous_0)
DA:8,0
DA:9,0
DA:10,0
DA:11,0
LF:4
LH:0
BRF:0
BRH:0
end_of_record
TN:
SF:C:\SNHU\Project\Capstone\web\src\app\model\registration.model.ts
FN:26,(anonymous_0)
FNF:1
FNH:1
FNDA:1,(anonymous_0)
LF:0
LH:0
BRF:0
BRH:0
end_of_record
TN:
SF:C:\SNHU\Project\Capstone\web\src\app\page-not-found\page-not-found.component.ts
FN:10,(anonymous_0)
FN:12,(anonymous_1)
FNF:2
FNH:2
FNDA:1,(anonymous_0)
FNDA:1,(anonymous_1)
DA:8,1
LF:1
LH:1
BRF:0
BRH:0
end_of_record
TN:
SF:C:\SNHU\Project\Capstone\web\src\app\publish-rank-list\publish-rank-list.component.ts
FN:10,(anonymous_0)
FN:12,(anonymous_1)
FNF:2
FNH:2
FNDA:1,(anonymous_0)
FNDA:1,(anonymous_1)
DA:8,1
LF:1
LH:1
BRF:0
BRH:0
end_of_record
TN:
SF:C:\SNHU\Project\Capstone\web\src\app\rank-list\rank-list.component.ts
FN:28,(anonymous_0)
FN:43,(anonymous_1)
FN:46,(anonymous_2)
FN:48,(anonymous_3)
FN:49,(anonymous_4)
FN:53,(anonymous_5)
FN:56,(anonymous_6)
FN:64,(anonymous_7)
FN:66,(anonymous_8)
FN:71,(anonymous_9)
FN:74,(anonymous_10)
FN:79,(anonymous_11)
FN:86,(anonymous_12)
FNF:13
FNH:3
FNDA:1,(anonymous_0)
FNDA:1,(anonymous_1)
FNDA:0,(anonymous_2)
FNDA:0,(anonymous_3)
FNDA:0,(anonymous_4)
FNDA:0,(anonymous_5)
FNDA:0,(anonymous_6)
FNDA:0,(anonymous_7)
FNDA:0,(anonymous_8)
FNDA:0,(anonymous_9)
FNDA:0,(anonymous_10)
FNDA:1,(anonymous_11)
FNDA:0,(anonymous_12)
DA:14,1
DA:17,1
DA:24,1
DA:28,1
DA:29,1
DA:30,0
DA:31,0
DA:32,0
DA:33,0
DA:34,0
DA:35,1
DA:36,0
DA:37,0
DA:39,1
DA:47,0
DA:49,0
DA:54,0
DA:55,0
DA:57,0
DA:58,0
DA:59,0
DA:65,0
DA:67,0
DA:72,0
DA:75,0
DA:76,0
DA:77,0
DA:80,1
DA:81,1
DA:83,1
DA:87,0
LF:31
LH:10
BRDA:29,0,0,0
BRDA:29,0,1,1
BRDA:35,1,0,0
BRDA:35,1,1,1
BRDA:49,2,0,0
BRDA:49,2,1,0
BRF:6
BRH:2
end_of_record
TN:
SF:C:\SNHU\Project\Capstone\web\src\app\registration\registration.component.ts
FN:75,(anonymous_0)
FN:83,(anonymous_1)
FN:108,(anonymous_2)
FN:113,(anonymous_3)
FN:139,(anonymous_4)
FN:142,(anonymous_5)
FN:148,(anonymous_6)
FN:151,(anonymous_7)
FN:183,(anonymous_8)
FN:188,(anonymous_9)
FN:193,(anonymous_10)
FN:200,(anonymous_11)
FN:206,(anonymous_12)
FN:222,(anonymous_13)
FN:234,(anonymous_14)
FN:240,(anonymous_15)
FN:262,(anonymous_16)
FN:266,(anonymous_17)
FN:268,(anonymous_18)
FN:271,(anonymous_19)
FN:272,(anonymous_20)
FN:273,(anonymous_21)
FN:274,(anonymous_22)
FN:275,(anonymous_23)
FN:290,(anonymous_24)
FN:292,(anonymous_25)
FN:296,(anonymous_26)
FN:298,(anonymous_27)
FN:302,(anonymous_28)
FN:304,(anonymous_29)
FN:309,(anonymous_30)
FN:311,(anonymous_31)
FN:316,(anonymous_32)
FN:318,(anonymous_33)
FN:323,(anonymous_34)
FN:325,(anonymous_35)
FN:330,(anonymous_36)
FN:332,(anonymous_37)
FN:368,(anonymous_38)
FN:370,(anonymous_39)
FN:375,(anonymous_40)
FN:421,(anonymous_41)
FN:446,(anonymous_42)
FN:450,(anonymous_43)
FN:458,(anonymous_44)
FNF:45
FNH:3
FNDA:1,(anonymous_0)
FNDA:1,(anonymous_1)
FNDA:0,(anonymous_2)
FNDA:0,(anonymous_3)
FNDA:0,(anonymous_4)
FNDA:0,(anonymous_5)
FNDA:0,(anonymous_6)
FNDA:0,(anonymous_7)
FNDA:0,(anonymous_8)
FNDA:0,(anonymous_9)
FNDA:0,(anonymous_10)
FNDA:0,(anonymous_11)
FNDA:0,(anonymous_12)
FNDA:0,(anonymous_13)
FNDA:0,(anonymous_14)
FNDA:0,(anonymous_15)
FNDA:0,(anonymous_16)
FNDA:0,(anonymous_17)
FNDA:0,(anonymous_18)
FNDA:0,(anonymous_19)
FNDA:0,(anonymous_20)
FNDA:0,(anonymous_21)
FNDA:0,(anonymous_22)
FNDA:0,(anonymous_23)
FNDA:0,(anonymous_24)
FNDA:0,(anonymous_25)
FNDA:0,(anonymous_26)
FNDA:0,(anonymous_27)
FNDA:0,(anonymous_28)
FNDA:0,(anonymous_29)
FNDA:0,(anonymous_30)
FNDA:0,(anonymous_31)
FNDA:0,(anonymous_32)
FNDA:0,(anonymous_33)
FNDA:0,(anonymous_34)
FNDA:0,(anonymous_35)
FNDA:0,(anonymous_36)
FNDA:0,(anonymous_37)
FNDA:0,(anonymous_38)
FNDA:0,(anonymous_39)
FNDA:0,(anonymous_40)
FNDA:0,(anonymous_41)
FNDA:0,(anonymous_42)
FNDA:0,(anonymous_43)
FNDA:1,(anonymous_44)
DA:24,1
DA:28,1
DA:75,1
DA:76,1
DA:77,1
DA:78,1
DA:79,1
DA:80,1
DA:84,1
DA:85,1
DA:87,1
DA:88,0
DA:89,0
DA:91,0
DA:92,0
DA:93,0
DA:95,0
DA:96,0
DA:97,0
DA:99,0
DA:101,0
DA:102,0
DA:104,0
DA:109,0
DA:114,0
DA:115,0
DA:117,0
DA:118,0
DA:120,0
DA:121,0
DA:123,0
DA:125,0
DA:127,0
DA:129,0
DA:131,0
DA:133,0
DA:136,0
DA:140,0
DA:143,0
DA:149,0
DA:153,0
DA:154,0
DA:156,0
DA:158,0
DA:159,0
DA:161,0
DA:163,0
DA:164,0
DA:166,0
DA:168,0
DA:169,0
DA:171,0
DA:173,0
DA:174,0
DA:176,0
DA:181,0
DA:182,0
DA:183,0
DA:184,0
DA:187,0
DA:188,0
DA:189,0
DA:192,0
DA:193,0
DA:194,0
DA:198,0
DA:201,0
DA:202,0
DA:203,0
DA:204,0
DA:207,0
DA:208,0
DA:210,0
DA:215,0
DA:219,0
DA:223,0
DA:225,0
DA:226,0
DA:227,0
DA:229,0
DA:232,0
DA:235,0
DA:237,0
DA:238,0
DA:241,0
DA:242,0
DA:243,0
DA:245,0
DA:249,0
DA:252,0
DA:256,0
DA:263,0
DA:267,0
DA:269,0
DA:270,0
DA:271,0
DA:272,0
DA:273,0
DA:274,0
DA:275,0
DA:277,0
DA:278,0
DA:279,0
DA:280,0
DA:281,0
DA:282,0
DA:284,0
DA:285,0
DA:291,0
DA:293,0
DA:297,0
DA:299,0
DA:303,0
DA:305,0
DA:310,0
DA:312,0
DA:317,0
DA:319,0
DA:324,0
DA:326,0
DA:331,0
DA:333,0
DA:334,0
DA:336,0
DA:337,0
DA:338,0
DA:339,0
DA:340,0
DA:341,0
DA:342,0
DA:347,0
DA:348,0
DA:355,0
DA:356,0
DA:369,0
DA:371,0
DA:378,0
DA:413,0
DA:414,0
DA:416,0
DA:418,0
DA:422,0
DA:424,0
DA:430,0
DA:436,0
DA:443,0
DA:447,0
DA:451,0
DA:452,0
DA:459,1
DA:460,1
DA:462,1
LF:152
LH:14
BRDA:84,0,0,1
BRDA:84,0,1,0
BRDA:87,1,0,0
BRDA:87,1,1,1
BRDA:114,2,0,0
BRDA:114,2,1,0
BRDA:117,3,0,0
BRDA:117,3,1,0
BRDA:120,4,0,0
BRDA:120,4,1,0
BRDA:120,5,0,0
BRDA:120,5,1,0
BRDA:123,6,0,0
BRDA:123,6,1,0
BRDA:123,7,0,0
BRDA:123,7,1,0
BRDA:127,8,0,0
BRDA:127,8,1,0
BRDA:127,9,0,0
BRDA:127,9,1,0
BRDA:131,10,0,0
BRDA:131,10,1,0
BRDA:131,11,0,0
BRDA:131,11,1,0
BRDA:131,11,2,0
BRDA:153,12,0,0
BRDA:153,12,1,0
BRDA:158,13,0,0
BRDA:158,13,1,0
BRDA:163,14,0,0
BRDA:163,14,1,0
BRDA:168,15,0,0
BRDA:168,15,1,0
BRDA:173,16,0,0
BRDA:173,16,1,0
BRDA:182,17,0,0
BRDA:182,17,1,0
BRDA:187,18,0,0
BRDA:187,18,1,0
BRDA:192,19,0,0
BRDA:192,19,1,0
BRDA:201,20,0,0
BRDA:201,20,1,0
BRDA:203,21,0,0
BRDA:203,21,1,0
BRDA:207,22,0,0
BRDA:207,22,1,0
BRDA:223,23,0,0
BRDA:223,23,1,0
BRDA:225,24,0,0
BRDA:225,24,1,0
BRDA:225,25,0,0
BRDA:225,25,1,0
BRDA:225,25,2,0
BRDA:235,26,0,0
BRDA:235,26,1,0
BRDA:237,27,0,0
BRDA:237,27,1,0
BRDA:241,28,0,0
BRDA:241,28,1,0
BRDA:269,29,0,0
BRDA:269,29,1,0
BRDA:269,30,0,0
BRDA:269,30,1,0
BRDA:277,31,0,0
BRDA:277,31,1,0
BRDA:285,32,0,0
BRDA:285,32,1,0
BRDA:333,33,0,0
BRDA:333,33,1,0
BRDA:339,34,0,0
BRDA:339,34,1,0
BRDA:340,35,0,0
BRDA:340,35,1,0
BRDA:341,36,0,0
BRDA:341,36,1,0
BRDA:347,37,0,0
BRDA:347,37,1,0
BRDA:355,38,0,0
BRDA:355,38,1,0
BRDA:413,39,0,0
BRDA:413,39,1,0
BRF:82
BRH:2
end_of_record
TN:
SF:C:\SNHU\Project\Capstone\web\src\app\router-guard\auth.guard.ts
FN:17,(anonymous_0)
FN:19,(anonymous_1)
FN:25,(anonymous_2)
FN:29,(anonymous_3)
FN:35,(anonymous_4)
FNF:5
FNH:0
FNDA:0,(anonymous_0)
FNDA:0,(anonymous_1)
FNDA:0,(anonymous_2)
FNDA:0,(anonymous_3)
FNDA:0,(anonymous_4)
DA:16,1
DA:17,0
DA:20,0
DA:22,0
DA:26,0
DA:30,0
DA:32,0
DA:36,0
DA:39,0
DA:42,0
DA:46,0
DA:52,0
DA:53,0
LF:13
LH:1
BRDA:36,0,0,0
BRDA:36,0,1,0
BRF:2
BRH:0
end_of_record
TN:
SF:C:\SNHU\Project\Capstone\web\src\app\security-question\security-question.component.ts
FN:24,(anonymous_0)
FN:28,(anonymous_1)
FN:32,(anonymous_2)
FN:34,(anonymous_3)
FN:39,(anonymous_4)
FN:43,(anonymous_5)
FN:45,(anonymous_6)
FN:47,(anonymous_7)
FNF:8
FNH:3
FNDA:1,(anonymous_0)
FNDA:1,(anonymous_1)
FNDA:1,(anonymous_2)
FNDA:0,(anonymous_3)
FNDA:0,(anonymous_4)
FNDA:0,(anonymous_5)
FNDA:0,(anonymous_6)
FNDA:0,(anonymous_7)
DA:11,1
DA:22,1
DA:24,1
DA:25,1
DA:33,1
DA:35,0
DA:36,0
DA:40,0
DA:41,0
DA:42,0
DA:43,0
DA:44,0
DA:45,0
DA:46,0
DA:47,0
LF:15
LH:5
BRDA:40,0,0,0
BRDA:40,0,1,0
BRDA:40,1,0,0
BRDA:40,1,1,0
BRF:4
BRH:0
end_of_record
TN:
SF:C:\SNHU\Project\Capstone\web\src\app\services\app.service.ts
FN:25,(anonymous_0)
FN:27,(anonymous_1)
FN:35,(anonymous_2)
FN:48,(anonymous_3)
FN:58,(anonymous_4)
FN:84,(anonymous_5)
FN:89,(anonymous_6)
FN:105,(anonymous_7)
FN:125,(anonymous_8)
FN:141,(anonymous_9)
FN:146,(anonymous_10)
FN:166,(anonymous_11)
FN:171,(anonymous_12)
FN:174,(anonymous_13)
FN:179,(anonymous_14)
FN:195,(anonymous_15)
FN:201,(anonymous_16)
FN:207,(anonymous_17)
FN:217,(anonymous_18)
FN:223,(anonymous_19)
FN:239,(anonymous_20)
FN:245,(anonymous_21)
FN:271,(anonymous_22)
FN:277,(anonymous_23)
FN:287,(anonymous_24)
FN:293,(anonymous_25)
FN:303,(anonymous_26)
FN:308,(anonymous_27)
FN:311,(anonymous_28)
FN:316,(anonymous_29)
FN:319,(anonymous_30)
FN:324,(anonymous_31)
FN:327,(anonymous_32)
FN:332,(anonymous_33)
FN:335,(anonymous_34)
FN:340,(anonymous_35)
FN:343,(anonymous_36)
FN:348,(anonymous_37)
FN:356,(anonymous_38)
FN:362,(anonymous_39)
FN:365,(anonymous_40)
FN:370,(anonymous_41)
FN:373,(anonymous_42)
FN:379,(anonymous_43)
FN:382,(anonymous_44)
FN:387,(anonymous_45)
FN:390,(anonymous_46)
FN:395,(anonymous_47)
FN:398,(anonymous_48)
FN:403,(anonymous_49)
FN:406,(anonymous_50)
FN:411,(anonymous_51)
FN:414,(anonymous_52)
FN:419,(anonymous_53)
FN:422,(anonymous_54)
FNF:55
FNH:4
FNDA:7,(anonymous_0)
FNDA:6,(anonymous_1)
FNDA:2,(anonymous_2)
FNDA:0,(anonymous_3)
FNDA:0,(anonymous_4)
FNDA:0,(anonymous_5)
FNDA:0,(anonymous_6)
FNDA:0,(anonymous_7)
FNDA:0,(anonymous_8)
FNDA:0,(anonymous_9)
FNDA:0,(anonymous_10)
FNDA:0,(anonymous_11)
FNDA:0,(anonymous_12)
FNDA:0,(anonymous_13)
FNDA:0,(anonymous_14)
FNDA:0,(anonymous_15)
FNDA:0,(anonymous_16)
FNDA:0,(anonymous_17)
FNDA:0,(anonymous_18)
FNDA:0,(anonymous_19)
FNDA:0,(anonymous_20)
FNDA:0,(anonymous_21)
FNDA:0,(anonymous_22)
FNDA:0,(anonymous_23)
FNDA:0,(anonymous_24)
FNDA:0,(anonymous_25)
FNDA:0,(anonymous_26)
FNDA:0,(anonymous_27)
FNDA:0,(anonymous_28)
FNDA:0,(anonymous_29)
FNDA:0,(anonymous_30)
FNDA:0,(anonymous_31)
FNDA:0,(anonymous_32)
FNDA:0,(anonymous_33)
FNDA:0,(anonymous_34)
FNDA:0,(anonymous_35)
FNDA:0,(anonymous_36)
FNDA:0,(anonymous_37)
FNDA:0,(anonymous_38)
FNDA:0,(anonymous_39)
FNDA:0,(anonymous_40)
FNDA:0,(anonymous_41)
FNDA:0,(anonymous_42)
FNDA:0,(anonymous_43)
FNDA:0,(anonymous_44)
FNDA:1,(anonymous_45)
FNDA:0,(anonymous_46)
FNDA:0,(anonymous_47)
FNDA:0,(anonymous_48)
FNDA:0,(anonymous_49)
FNDA:0,(anonymous_50)
FNDA:0,(anonymous_51)
FNDA:0,(anonymous_52)
FNDA:0,(anonymous_53)
FNDA:0,(anonymous_54)
DA:19,1
DA:20,7
DA:23,7
DA:25,7
DA:28,6
DA:29,0
DA:31,6
DA:37,2
DA:43,2
DA:45,0
DA:50,0
DA:51,0
DA:52,0
DA:54,0
DA:60,0
DA:62,0
DA:63,0
DA:65,0
DA:72,0
DA:83,0
DA:85,0
DA:94,0
DA:100,0
DA:102,0
DA:111,0
DA:112,0
DA:114,0
DA:118,0
DA:120,0
DA:128,0
DA:130,0
DA:139,0
DA:140,0
DA:142,0
DA:150,0
DA:151,0
DA:164,0
DA:165,0
DA:167,0
DA:172,0
DA:173,0
DA:175,0
DA:181,0
DA:190,0
DA:191,0
DA:192,0
DA:194,0
DA:196,0
DA:200,0
DA:202,0
DA:208,0
DA:212,0
DA:213,0
DA:216,0
DA:218,0
DA:224,0
DA:225,0
DA:226,0
DA:232,0
DA:234,0
DA:235,0
DA:238,0
DA:240,0
DA:246,0
DA:266,0
DA:267,0
DA:270,0
DA:272,0
DA:278,0
DA:282,0
DA:283,0
DA:286,0
DA:288,0
DA:294,0
DA:298,0
DA:299,0
DA:302,0
DA:304,0
DA:309,0
DA:310,0
DA:312,0
DA:317,0
DA:318,0
DA:320,0
DA:325,0
DA:326,0
DA:328,0
DA:333,0
DA:334,0
DA:336,0
DA:341,0
DA:342,0
DA:344,0
DA:349,0
DA:350,0
DA:353,0
DA:355,0
DA:357,0
DA:363,0
DA:364,0
DA:366,0
DA:371,0
DA:372,0
DA:374,0
DA:380,0
DA:381,0
DA:383,0
DA:388,1
DA:389,1
DA:391,0
DA:396,0
DA:397,0
DA:399,0
DA:404,0
DA:405,0
DA:407,0
DA:412,0
DA:413,0
DA:415,0
DA:420,0
DA:421,0
DA:423,0
LF:122
LH:10
BRDA:28,0,0,0
BRDA:28,0,1,6
BRDA:37,1,0,2
BRDA:37,1,1,0
BRDA:38,2,0,2
BRDA:38,2,1,0
BRDA:38,2,2,0
BRDA:38,2,3,0
BRDA:51,3,0,0
BRDA:51,3,1,0
BRDA:94,4,0,0
BRDA:94,4,1,0
BRDA:94,5,0,0
BRDA:94,5,1,0
BRDA:94,5,2,0
BRDA:94,5,3,0
BRDA:94,5,4,0
BRDA:94,5,5,0
BRDA:94,5,6,0
BRDA:111,6,0,0
BRDA:111,6,1,0
BRDA:114,7,0,0
BRDA:114,7,1,0
BRDA:192,8,0,0
BRDA:192,8,1,0
BRF:25
BRH:3
end_of_record
TN:
SF:C:\SNHU\Project\Capstone\web\src\app\services\auth.service.ts
FN:15,(anonymous_0)
FN:19,(anonymous_1)
FN:27,(anonymous_2)
FNF:3
FNH:0
FNDA:0,(anonymous_0)
FNDA:0,(anonymous_1)
FNDA:0,(anonymous_2)
DA:10,1
DA:15,0
DA:20,0
DA:21,0
DA:23,0
DA:28,0
LF:6
LH:1
BRDA:20,0,0,0
BRDA:20,0,1,0
BRDA:20,1,0,0
BRDA:20,1,1,0
BRF:4
BRH:0
end_of_record
TN:
SF:C:\SNHU\Project\Capstone\web\src\app\services\util.service.ts
FN:12,(anonymous_0)
FN:14,(anonymous_1)
FN:22,(anonymous_2)
FN:30,(anonymous_3)
FN:38,(anonymous_4)
FN:45,(anonymous_5)
FN:52,(anonymous_6)
FNF:7
FNH:2
FNDA:8,(anonymous_0)
FNDA:4,(anonymous_1)
FNDA:0,(anonymous_2)
FNDA:0,(anonymous_3)
FNDA:0,(anonymous_4)
FNDA:0,(anonymous_5)
FNDA:0,(anonymous_6)
DA:6,1
DA:8,8
DA:9,8
DA:10,8
DA:15,4
DA:16,0
DA:18,4
DA:23,0
DA:24,0
DA:26,0
DA:31,0
DA:32,0
DA:34,0
DA:39,0
DA:40,0
DA:42,0
DA:46,0
DA:47,0
DA:49,0
DA:53,0
DA:54,0
DA:56,0
LF:22
LH:6
BRDA:15,0,0,0
BRDA:15,0,1,4
BRDA:15,1,0,4
BRDA:15,1,1,0
BRDA:15,1,2,0
BRDA:23,2,0,0
BRDA:23,2,1,0
BRDA:23,3,0,0
BRDA:23,3,1,0
BRDA:31,4,0,0
BRDA:31,4,1,0
BRDA:31,5,0,0
BRDA:31,5,1,0
BRDA:39,6,0,0
BRDA:39,6,1,0
BRDA:39,7,0,0
BRDA:39,7,1,0
BRDA:46,8,0,0
BRDA:46,8,1,0
BRDA:46,9,0,0
BRDA:46,9,1,0
BRDA:46,9,2,0
BRDA:53,10,0,0
BRDA:53,10,1,0
BRDA:53,11,0,0
BRDA:53,11,1,0
BRF:26
BRH:2
end_of_record
TN:
SF:C:\SNHU\Project\Capstone\web\src\app\staff-login\staff-login.component.ts
FN:27,(anonymous_0)
FN:35,(anonymous_1)
FN:38,(anonymous_2)
FN:42,(anonymous_3)
FN:45,(anonymous_4)
FN:58,(anonymous_5)
FN:62,(anonymous_6)
FN:66,(anonymous_7)
FN:70,(anonymous_8)
FN:72,(anonymous_9)
FN:82,(anonymous_10)
FN:84,(anonymous_11)
FN:85,(anonymous_12)
FNF:13
FNH:3
FNDA:1,(anonymous_0)
FNDA:1,(anonymous_1)
FNDA:2,(anonymous_2)
FNDA:0,(anonymous_3)
FNDA:0,(anonymous_4)
FNDA:0,(anonymous_5)
FNDA:0,(anonymous_6)
FNDA:0,(anonymous_7)
FNDA:0,(anonymous_8)
FNDA:0,(anonymous_9)
FNDA:0,(anonymous_10)
FNDA:0,(anonymous_11)
FNDA:0,(anonymous_12)
DA:15,1
DA:27,1
DA:28,1
DA:29,1
DA:30,1
DA:31,1
DA:32,1
DA:39,2
DA:43,0
DA:46,0
DA:47,0
DA:48,0
DA:49,0
DA:50,0
DA:51,0
DA:53,0
DA:59,0
DA:63,0
DA:68,0
DA:71,0
DA:73,0
DA:74,0
DA:75,0
DA:83,0
DA:85,0
DA:86,0
DA:87,0
LF:27
LH:8
BRDA:39,0,0,2
BRDA:39,0,1,0
BRDA:46,1,0,0
BRDA:46,1,1,0
BRDA:46,2,0,0
BRDA:46,2,1,0
BRDA:73,3,0,0
BRDA:73,3,1,0
BRDA:85,4,0,0
BRDA:85,4,1,0
BRDA:86,5,0,0
BRDA:86,5,1,0
BRF:12
BRH:1
end_of_record
TN:
SF:C:\SNHU\Project\Capstone\web\src\environments\environment.ts
FNF:0
FNH:0
DA:5,1
LF:1
LH:1
BRF:0
BRH:0
end_of_record
